<?xml version="1.0" encoding="UTF-8"?>
<!-- Generated by org.testng.reporters.JUnitReportReporter -->
<testsuite hostname="DESKTOP-T8LR42R" name="com.ebanking.master.RoleNg" tests="3" failures="0" timestamp="15 Mar 2019 09:39:14 GMT" time="4.749" errors="0">
  <testcase name="Role" time="1.196" classname="com.ebanking.master.RoleNg"/>
  <testcase name="Role" time="2.285" classname="com.ebanking.master.RoleNg"/>
  <testcase name="Role" time="1.268" classname="com.ebanking.master.RoleNg"/>
</testsuite> <!-- com.ebanking.master.RoleNg -->
