<?xml version="1.0" encoding="UTF-8"?>
<!-- Generated by org.testng.reporters.JUnitReportReporter -->
<testsuite hostname="DESKTOP-T8LR42R" name="com.ebanking.master.pom.Exepom" tests="1" failures="0" timestamp="22 Mar 2019 13:51:27 GMT" time="21.640" errors="0">
  <testcase name="pom" time="21.640" classname="com.ebanking.master.pom.Exepom"/>
</testsuite> <!-- com.ebanking.master.pom.Exepom -->
