<?xml version="1.0" encoding="UTF-8"?>
<!-- Generated by org.testng.reporters.JUnitReportReporter -->
<testsuite hostname="DESKTOP-T8LR42R" name="com.ebanking.master.BranchNg" tests="3" failures="0" timestamp="15 Mar 2019 09:59:55 GMT" time="11.153" errors="0">
  <testcase name="Branch" time="2.990" classname="com.ebanking.master.BranchNg"/>
  <testcase name="Branch" time="4.314" classname="com.ebanking.master.BranchNg"/>
  <testcase name="Branch" time="3.849" classname="com.ebanking.master.BranchNg"/>
</testsuite> <!-- com.ebanking.master.BranchNg -->
