<?xml version="1.0" encoding="UTF-8"?>
<!-- Generated by org.testng.reporters.JUnitReportReporter -->
<testsuite hostname="DESKTOP-T8LR42R" name="SampleTNg" tests="2" failures="0" timestamp="12 Mar 2019 12:30:43 GMT" time="0.007" errors="0">
  <testcase name="str" time="0.006" classname="SampleTNg"/>
  <testcase name="uvw" time="0.001" classname="SampleTNg"/>
</testsuite> <!-- SampleTNg -->
