<?xml version="1.0" encoding="UTF-8"?>
<!-- Generated by org.testng.reporters.JUnitReportReporter -->
<testsuite hostname="DESKTOP-T8LR42R" name="com.ebanking.master.EmployeeNg" tests="2" failures="0" timestamp="15 Mar 2019 10:09:55 GMT" time="26.924" errors="0">
  <testcase name="Employee" time="16.845" classname="com.ebanking.master.EmployeeNg"/>
  <testcase name="Employee" time="10.079" classname="com.ebanking.master.EmployeeNg"/>
</testsuite> <!-- com.ebanking.master.EmployeeNg -->
