<?xml version="1.0" encoding="UTF-8"?>
<!-- Generated by org.testng.reporters.JUnitReportReporter -->
<testsuite hostname="DESKTOP-T8LR42R" name="com.ebanking.master.pom.Pomwithdataprovider" tests="3" failures="0" timestamp="22 Mar 2019 13:41:37 GMT" time="46.450" errors="0">
  <testcase name="Rolecre" time="16.691" classname="com.ebanking.master.pom.Pomwithdataprovider"/>
  <testcase name="Rolecre" time="14.524" classname="com.ebanking.master.pom.Pomwithdataprovider"/>
  <testcase name="Rolecre" time="15.235" classname="com.ebanking.master.pom.Pomwithdataprovider"/>
</testsuite> <!-- com.ebanking.master.pom.Pomwithdataprovider -->
